<?xml version="1.0" encoding="UTF-8" ?>
<testsuite tests="6" failures="0" name="de.taulinger.bddplay.RunCucumberTest" time="298.21" errors="1" skipped="0">
  <properties>
[...]
</properties>
  <testcase classname="Menu #1" name="Bayernatlas shows a menu in Firefox for desktop usage" time="218.627"/>
  <testcase classname="Menu #1" name="Bayernatlas shows a menu in Chromium for desktop usage" time="13.968"/>
  <testcase classname="Menu #1" name="Bayernatlas shows a menu in Webkit for desktop usage" time="13.665"/>
  <testcase classname="Menu #2" name="Bayernatlas shows a menu in Firefox for mobile usage" time="13.244"/>
  <testcase classname="Menu #2" name="Bayernatlas shows a menu in Chromium for mobile usage" time="7.481"/>
  <testcase classname="Menu #2" name="Bayernatlas shows a menu in Webkit for mobile usage" time="31.225">
    <error message="Timeout 30000ms exceeded" type="com.microsoft.playwright.PlaywrightException">com.microsoft.playwright.PlaywrightException: Timeout 30000ms exceeded
	at com.microsoft.playwright.impl.WaitableTimeout.get(WaitableTimeout.java:41)
	at com.microsoft.playwright.impl.WaitableRace.get(WaitableRace.java:44)
	at com.microsoft.playwright.impl.ChannelOwner.runUntil(ChannelOwner.java:88)
	at com.microsoft.playwright.impl.FrameImpl.waitForLoadStateImpl(FrameImpl.java:767)
	at com.microsoft.playwright.impl.PageImpl.lambda$waitForLoadState$56(PageImpl.java:1175)
	at com.microsoft.playwright.impl.LoggingSupport.lambda$withLogging$0(LoggingSupport.java:40)
	at com.microsoft.playwright.impl.LoggingSupport.withLogging(LoggingSupport.java:51)
	at com.microsoft.playwright.impl.LoggingSupport.withLogging(LoggingSupport.java:39)
	at com.microsoft.playwright.impl.PageImpl.waitForLoadState(PageImpl.java:1174)
	at com.microsoft.playwright.Page.waitForLoadState(Page.java:2358)
	at de.taulinger.bddplay.ba.MainMenuMobileStep.i_load_the_page_with_for_mobile(MainMenuMobileStep.java:26)
	at ✽.I load the page with &apos;Webkit&apos; for mobile usage(classpath:de/taulinger/bddplay/ba/MainMenuMobile.feature:16)
</error>
    <system-out>
Scenario: Bayernatlas shows a menu in Webkit for mobile usage &amp;#27;[90m# de/taulinger/bddplay/ba/MainMenuMobile.feature:14&amp;#27;[0m
  &amp;#27;[32mGiven &amp;#27;[0m&amp;#27;[32mA menu for mobile usage&amp;#27;[0m                               &amp;#27;[90m# de.taulinger.bddplay.ba.MainMenuMobileStep.bayern_atlas_which_contains_a_menu_for_mobile()&amp;#27;[0m
  &amp;#27;[31mWhen &amp;#27;[0m&amp;#27;[31mI load the page with &amp;#27;[0m&amp;#27;[31m&amp;#27;[1m&apos;Webkit&apos;&amp;#27;[0m&amp;#27;[31m for mobile usage&amp;#27;[0m         &amp;#27;[90m# de.taulinger.bddplay.ba.MainMenuMobileStep.i_load_the_page_with_for_mobile(java.lang.String)&amp;#27;[0m
      &amp;#27;[31mcom.microsoft.playwright.PlaywrightException: Timeout 30000ms exceeded
	at com.microsoft.playwright.impl.WaitableTimeout.get(WaitableTimeout.java:41)
	at com.microsoft.playwright.impl.WaitableRace.get(WaitableRace.java:44)
	at com.microsoft.playwright.impl.ChannelOwner.runUntil(ChannelOwner.java:88)
	at com.microsoft.playwright.impl.FrameImpl.waitForLoadStateImpl(FrameImpl.java:767)
	at com.microsoft.playwright.impl.PageImpl.lambda$waitForLoadState$56(PageImpl.java:1175)
	at com.microsoft.playwright.impl.LoggingSupport.lambda$withLogging$0(LoggingSupport.java:40)
	at com.microsoft.playwright.impl.LoggingSupport.withLogging(LoggingSupport.java:51)
	at com.microsoft.playwright.impl.LoggingSupport.withLogging(LoggingSupport.java:39)
	at com.microsoft.playwright.impl.PageImpl.waitForLoadState(PageImpl.java:1174)
	at com.microsoft.playwright.Page.waitForLoadState(Page.java:2358)
	at de.taulinger.bddplay.ba.MainMenuMobileStep.i_load_the_page_with_for_mobile(MainMenuMobileStep.java:26)
	at ✽.I load the page with &apos;Webkit&apos; for mobile usage(classpath:de/taulinger/bddplay/ba/MainMenuMobile.feature:16)
&amp;#27;[0m
  &amp;#27;[36mThen &amp;#27;[0m&amp;#27;[36mThe main menu should show a button for mobile usage&amp;#27;[0m    &amp;#27;[90m# de.taulinger.bddplay.ba.MainMenuMobileStep.the_main_menu_should_show_a_button()&amp;#27;[0m
</system-out>
  </testcase>
</testsuite>